Assembler report for top_adc
Tue Feb 09 21:17:28 2021
Quartus II 64-Bit Version 14.1.1 Build 190 01/19/2015 SJ Web Edition


---------------------
; Table of Contents ;
---------------------
  1. Legal Notice
  2. Assembler Summary
  3. Assembler Settings
  4. Assembler Encrypted IP Cores Summary
  5. Assembler Generated Files
  6. Assembler Device Options: C:/Users/Ivans/Documents/BesterElektroingenieurbeiSiemens/FPGA-Training/QuartusPrimeWebEdition/output_files/top_adc.sof
  7. Assembler Messages



----------------
; Legal Notice ;
----------------
Copyright (C) 1991-2015 Altera Corporation. All rights reserved.
Your use of Altera Corporation's design tools, logic functions 
and other software and tools, and its AMPP partner logic 
functions, and any output files from any of the foregoing 
(including device programming or simulation files), and any 
associated documentation or information are expressly subject 
to the terms and conditions of the Altera Program License 
Subscription Agreement, the Altera Quartus II License Agreement,
the Altera MegaCore Function License Agreement, or other 
applicable license agreement, including, without limitation, 
that your use is for the sole purpose of programming logic 
devices manufactured by Altera and sold by Altera or its 
authorized distributors.  Please refer to the applicable 
agreement for further details.



+---------------------------------------------------------------+
; Assembler Summary                                             ;
+-----------------------+---------------------------------------+
; Assembler Status      ; Successful - Tue Feb 09 21:17:28 2021 ;
; Revision Name         ; top_adc                               ;
; Top-level Entity Name ; top                                   ;
; Family                ; MAX 10                                ;
; Device                ; 10M08DAF484C8GES                      ;
+-----------------------+---------------------------------------+


+----------------------------------+
; Assembler Settings               ;
+--------+---------+---------------+
; Option ; Setting ; Default Value ;
+--------+---------+---------------+


+------------------------------------------------+
; Assembler Encrypted IP Cores Summary           ;
+--------+------------------------+--------------+
; Vendor ; IP Core Name           ; License Type ;
+--------+------------------------+--------------+
; Altera ; Signal Tap (6AF7 BCE1) ; Licensed     ;
; Altera ; Signal Tap (6AF7 BCEC) ; Licensed     ;
+--------+------------------------+--------------+


+-------------------------------------------------------------------------------------------------------------------------+
; Assembler Generated Files                                                                                               ;
+-------------------------------------------------------------------------------------------------------------------------+
; File Name                                                                                                               ;
+-------------------------------------------------------------------------------------------------------------------------+
; C:/Users/Ivans/Documents/BesterElektroingenieurbeiSiemens/FPGA-Training/QuartusPrimeWebEdition/output_files/top_adc.sof ;
+-------------------------------------------------------------------------------------------------------------------------+


+---------------------------------------------------------------------------------------------------------------------------------------------------+
; Assembler Device Options: C:/Users/Ivans/Documents/BesterElektroingenieurbeiSiemens/FPGA-Training/QuartusPrimeWebEdition/output_files/top_adc.sof ;
+----------------+----------------------------------------------------------------------------------------------------------------------------------+
; Option         ; Setting                                                                                                                          ;
+----------------+----------------------------------------------------------------------------------------------------------------------------------+
; Device         ; 10M08DAF484C8GES                                                                                                                 ;
; JTAG usercode  ; 0x001BE846                                                                                                                       ;
; Checksum       ; 0x001BE846                                                                                                                       ;
+----------------+----------------------------------------------------------------------------------------------------------------------------------+


+--------------------+
; Assembler Messages ;
+--------------------+
Info: *******************************************************************
Info: Running Quartus II 64-Bit Assembler
    Info: Version 14.1.1 Build 190 01/19/2015 SJ Web Edition
    Info: Processing started: Tue Feb 09 21:17:25 2021
Info: Command: quartus_asm --read_settings_files=off --write_settings_files=off top_adc -c top_adc
Info (115030): Assembler is generating device programming files
Info: Quartus II 64-Bit Assembler was successful. 0 errors, 0 warnings
    Info: Peak virtual memory: 4714 megabytes
    Info: Processing ended: Tue Feb 09 21:17:28 2021
    Info: Elapsed time: 00:00:03
    Info: Total CPU time (on all processors): 00:00:03


