Flow report for top_adc
Tue Feb 09 21:17:38 2021
Quartus II 64-Bit Version 14.1.1 Build 190 01/19/2015 SJ Web Edition


---------------------
; Table of Contents ;
---------------------
  1. Legal Notice
  2. Flow Summary
  3. Flow Settings
  4. Flow Non-Default Global Settings
  5. Flow Elapsed Time
  6. Flow OS Summary
  7. Flow Log
  8. Flow Messages
  9. Flow Suppressed Messages



----------------
; Legal Notice ;
----------------
Copyright (C) 1991-2015 Altera Corporation. All rights reserved.
Your use of Altera Corporation's design tools, logic functions 
and other software and tools, and its AMPP partner logic 
functions, and any output files from any of the foregoing 
(including device programming or simulation files), and any 
associated documentation or information are expressly subject 
to the terms and conditions of the Altera Program License 
Subscription Agreement, the Altera Quartus II License Agreement,
the Altera MegaCore Function License Agreement, or other 
applicable license agreement, including, without limitation, 
that your use is for the sole purpose of programming logic 
devices manufactured by Altera and sold by Altera or its 
authorized distributors.  Please refer to the applicable 
agreement for further details.



+---------------------------------------------------------------------------------+
; Flow Summary                                                                    ;
+------------------------------------+--------------------------------------------+
; Flow Status                        ; Successful - Tue Feb 09 21:17:28 2021      ;
; Quartus II 64-Bit Version          ; 14.1.1 Build 190 01/19/2015 SJ Web Edition ;
; Revision Name                      ; top_adc                                    ;
; Top-level Entity Name              ; top                                        ;
; Family                             ; MAX 10                                     ;
; Device                             ; 10M08DAF484C8GES                           ;
; Timing Models                      ; Preliminary                                ;
; Total logic elements               ; 2,027 / 8,064 ( 25 % )                     ;
;     Total combinational functions  ; 1,909 / 8,064 ( 24 % )                     ;
;     Dedicated logic registers      ; 1,169 / 8,064 ( 14 % )                     ;
; Total registers                    ; 1169                                       ;
; Total pins                         ; 8 / 250 ( 3 % )                            ;
; Total virtual pins                 ; 0                                          ;
; Total memory bits                  ; 274,432 / 387,072 ( 71 % )                 ;
; Embedded Multiplier 9-bit elements ; 0 / 48 ( 0 % )                             ;
; Total PLLs                         ; 1 / 2 ( 50 % )                             ;
; UFM blocks                         ; 0 / 1 ( 0 % )                              ;
; ADC blocks                         ; 1 / 1 ( 100 % )                            ;
+------------------------------------+--------------------------------------------+


+-----------------------------------------+
; Flow Settings                           ;
+-------------------+---------------------+
; Option            ; Setting             ;
+-------------------+---------------------+
; Start date & time ; 02/09/2021 21:16:16 ;
; Main task         ; Compilation         ;
; Revision Name     ; top_adc             ;
+-------------------+---------------------+


+-----------------------------------------------------------------------------------------------------------------------------------------------+
; Flow Non-Default Global Settings                                                                                                              ;
+-------------------------------------+--------------------------------------------------------------+---------------+-------------+------------+
; Assignment Name                     ; Value                                                        ; Default Value ; Entity Name ; Section Id ;
+-------------------------------------+--------------------------------------------------------------+---------------+-------------+------------+
; COMPILER_SIGNATURE_ID               ; 186417278632.161290177605668                                 ; --            ; --          ; --         ;
; MAX_CORE_JUNCTION_TEMP              ; 85                                                           ; --            ; --          ; --         ;
; MIN_CORE_JUNCTION_TEMP              ; 0                                                            ; --            ; --          ; --         ;
; MISC_FILE                           ; platform/nios_setup/synthesis/../../../nios_setup.qsys       ; --            ; --          ; --         ;
; MISC_FILE                           ; platform/alt_pll/all_pll.bsf                                 ; --            ; --          ; --         ;
; MISC_FILE                           ; platform/alt_pll/all_pll_inst.v                              ; --            ; --          ; --         ;
; MISC_FILE                           ; platform/alt_pll/all_pll_bb.v                                ; --            ; --          ; --         ;
; MISC_FILE                           ; platform/alt_pll/all_pll.inc                                 ; --            ; --          ; --         ;
; MISC_FILE                           ; platform/alt_pll/all_pll.cmp                                 ; --            ; --          ; --         ;
; MISC_FILE                           ; platform/alt_pll/all_pll.ppf                                 ; --            ; --          ; --         ;
; PARTITION_COLOR                     ; 16764057                                                     ; --            ; top         ; Top        ;
; PARTITION_FITTER_PRESERVATION_LEVEL ; PLACEMENT_AND_ROUTING                                        ; --            ; top         ; Top        ;
; PARTITION_NETLIST_TYPE              ; SOURCE                                                       ; --            ; top         ; Top        ;
; PROJECT_OUTPUT_DIRECTORY            ; output_files                                                 ; --            ; --          ; --         ;
; SLD_INFO                            ; QSYS_NAME nios_setup HAS_SOPCINFO 1 GENERATION_ID 1441319140 ; --            ; nios_setup  ; --         ;
; SOPCINFO_FILE                       ; platform/nios_setup/synthesis/../nios_setup.sopcinfo         ; --            ; --          ; --         ;
; SYNTHESIS_ONLY_QIP                  ; On                                                           ; --            ; --          ; --         ;
; TOP_LEVEL_ENTITY                    ; top                                                          ; top_adc       ; --          ; --         ;
+-------------------------------------+--------------------------------------------------------------+---------------+-------------+------------+


+-------------------------------------------------------------------------------------------------------------------------------+
; Flow Elapsed Time                                                                                                             ;
+---------------------------+--------------+-------------------------+---------------------+------------------------------------+
; Module Name               ; Elapsed Time ; Average Processors Used ; Peak Virtual Memory ; Total CPU Time (on all processors) ;
+---------------------------+--------------+-------------------------+---------------------+------------------------------------+
; Analysis & Synthesis      ; 00:00:41     ; 1.0                     ; 4902 MB             ; 00:01:16                           ;
; Fitter                    ; 00:00:21     ; 1.0                     ; 5155 MB             ; 00:00:21                           ;
; Assembler                 ; 00:00:03     ; 1.0                     ; 4714 MB             ; 00:00:03                           ;
; TimeQuest Timing Analyzer ; 00:00:08     ; 1.0                     ; 4802 MB             ; 00:00:08                           ;
; Total                     ; 00:01:13     ; --                      ; --                  ; 00:01:48                           ;
+---------------------------+--------------+-------------------------+---------------------+------------------------------------+


+----------------------------------------------------------------------------------------+
; Flow OS Summary                                                                        ;
+---------------------------+------------------+-----------+------------+----------------+
; Module Name               ; Machine Hostname ; OS Name   ; OS Version ; Processor type ;
+---------------------------+------------------+-----------+------------+----------------+
; Analysis & Synthesis      ; DESKTOP-1OREE95  ; Windows 7 ; 6.2        ; x86_64         ;
; Fitter                    ; DESKTOP-1OREE95  ; Windows 7 ; 6.2        ; x86_64         ;
; Assembler                 ; DESKTOP-1OREE95  ; Windows 7 ; 6.2        ; x86_64         ;
; TimeQuest Timing Analyzer ; DESKTOP-1OREE95  ; Windows 7 ; 6.2        ; x86_64         ;
+---------------------------+------------------+-----------+------------+----------------+


------------
; Flow Log ;
------------
quartus_map --read_settings_files=on --write_settings_files=off top_adc -c top_adc
quartus_fit --read_settings_files=off --write_settings_files=off top_adc -c top_adc
quartus_asm --read_settings_files=off --write_settings_files=off top_adc -c top_adc
quartus_sta top_adc -c top_adc



